The system is: Linux - 5.4.0-53-generic - x86_64
Compiling the C compiler identification source file "CMakeCCompilerId.c" succeeded.
Compiler: /usr/bin/cc 
Build flags: 
Id flags:  

The output was:
0


Compilation of the C compiler identification source "CMakeCCompilerId.c" produced "a.out"

The C compiler identification is GNU, found in "/home/vitaliy/git/intel-MKL-wrapper-for-CORR-CONV/bin/CMakeFiles/3.10.2/CompilerIdC/a.out"

Compiling the CXX compiler identification source file "CMakeCXXCompilerId.cpp" succeeded.
Compiler: /opt/intel/compilers_and_libraries_2020.1.217/linux/bin/intel64/icpc 
Build flags: 
Id flags:  

The output was:
0


Compilation of the CXX compiler identification source "CMakeCXXCompilerId.cpp" produced "a.out"

The CXX compiler identification is Intel, found in "/home/vitaliy/git/intel-MKL-wrapper-for-CORR-CONV/bin/CMakeFiles/3.10.2/CompilerIdCXX/a.out"

Determining if the C compiler works passed with the following output:
Change Dir: /home/vitaliy/git/intel-MKL-wrapper-for-CORR-CONV/bin/CMakeFiles/CMakeTmp

Run Build Command:"/usr/bin/make" "cmTC_9b748/fast"
/usr/bin/make -f CMakeFiles/cmTC_9b748.dir/build.make CMakeFiles/cmTC_9b748.dir/build
make[1]: Entering directory '/home/vitaliy/git/intel-MKL-wrapper-for-CORR-CONV/bin/CMakeFiles/CMakeTmp'
Building C object CMakeFiles/cmTC_9b748.dir/testCCompiler.c.o
/usr/bin/cc    -o CMakeFiles/cmTC_9b748.dir/testCCompiler.c.o   -c /home/vitaliy/git/intel-MKL-wrapper-for-CORR-CONV/bin/CMakeFiles/CMakeTmp/testCCompiler.c
Linking C executable cmTC_9b748
/usr/bin/cmake -E cmake_link_script CMakeFiles/cmTC_9b748.dir/link.txt --verbose=1
/usr/bin/cc      CMakeFiles/cmTC_9b748.dir/testCCompiler.c.o  -o cmTC_9b748 
make[1]: Leaving directory '/home/vitaliy/git/intel-MKL-wrapper-for-CORR-CONV/bin/CMakeFiles/CMakeTmp'


Detecting C compiler ABI info compiled with the following output:
Change Dir: /home/vitaliy/git/intel-MKL-wrapper-for-CORR-CONV/bin/CMakeFiles/CMakeTmp

Run Build Command:"/usr/bin/make" "cmTC_c7d45/fast"
/usr/bin/make -f CMakeFiles/cmTC_c7d45.dir/build.make CMakeFiles/cmTC_c7d45.dir/build
make[1]: Entering directory '/home/vitaliy/git/intel-MKL-wrapper-for-CORR-CONV/bin/CMakeFiles/CMakeTmp'
Building C object CMakeFiles/cmTC_c7d45.dir/CMakeCCompilerABI.c.o
/usr/bin/cc    -o CMakeFiles/cmTC_c7d45.dir/CMakeCCompilerABI.c.o   -c /usr/share/cmake-3.10/Modules/CMakeCCompilerABI.c
Linking C executable cmTC_c7d45
/usr/bin/cmake -E cmake_link_script CMakeFiles/cmTC_c7d45.dir/link.txt --verbose=1
/usr/bin/cc     -v CMakeFiles/cmTC_c7d45.dir/CMakeCCompilerABI.c.o  -o cmTC_c7d45 
Using built-in specs.
COLLECT_GCC=/usr/bin/cc
COLLECT_LTO_WRAPPER=/usr/lib/gcc/x86_64-linux-gnu/7/lto-wrapper
OFFLOAD_TARGET_NAMES=nvptx-none
OFFLOAD_TARGET_DEFAULT=1
Target: x86_64-linux-gnu
Configured with: ../src/configure -v --with-pkgversion='Ubuntu 7.5.0-3ubuntu1~18.04' --with-bugurl=file:///usr/share/doc/gcc-7/README.Bugs --enable-languages=c,ada,c++,go,brig,d,fortran,objc,obj-c++ --prefix=/usr --with-gcc-major-version-only --program-suffix=-7 --program-prefix=x86_64-linux-gnu- --enable-shared --enable-linker-build-id --libexecdir=/usr/lib --without-included-gettext --enable-threads=posix --libdir=/usr/lib --enable-nls --enable-bootstrap --enable-clocale=gnu --enable-libstdcxx-debug --enable-libstdcxx-time=yes --with-default-libstdcxx-abi=new --enable-gnu-unique-object --disable-vtable-verify --enable-libmpx --enable-plugin --enable-default-pie --with-system-zlib --with-target-system-zlib --enable-objc-gc=auto --enable-multiarch --disable-werror --with-arch-32=i686 --with-abi=m64 --with-multilib-list=m32,m64,mx32 --enable-multilib --with-tune=generic --enable-offload-targets=nvptx-none --without-cuda-driver --enable-checking=release --build=x86_64-linux-gnu --host=x86_64-linux-gnu --target=x86_64-linux-gnu
Thread model: posix
gcc version 7.5.0 (Ubuntu 7.5.0-3ubuntu1~18.04) 
COMPILER_PATH=/usr/lib/gcc/x86_64-linux-gnu/7/:/usr/lib/gcc/x86_64-linux-gnu/7/:/usr/lib/gcc/x86_64-linux-gnu/:/usr/lib/gcc/x86_64-linux-gnu/7/:/usr/lib/gcc/x86_64-linux-gnu/
LIBRARY_PATH=/opt/intel/compilers_and_libraries_2020.1.217/linux/mpi/intel64/libfabric/lib/../lib/:/usr/lib/gcc/x86_64-linux-gnu/7/:/usr/lib/gcc/x86_64-linux-gnu/7/../../../x86_64-linux-gnu/:/usr/lib/gcc/x86_64-linux-gnu/7/../../../../lib/:/lib/x86_64-linux-gnu/:/lib/../lib/:/usr/lib/x86_64-linux-gnu/:/usr/lib/../lib/:/opt/intel/compilers_and_libraries_2020.1.217/linux/mpi/intel64/libfabric/lib/:/opt/intel/compilers_and_libraries_2020.1.217/linux/ipp/lib/intel64/:/opt/intel/compilers_and_libraries_2020.1.217/linux/compiler/lib/intel64_lin/:/opt/intel/compilers_and_libraries_2020.1.217/linux/mkl/lib/intel64_lin/:/opt/intel/compilers_and_libraries_2020.1.217/linux/tbb/lib/intel64/gcc4.8/:/opt/intel/compilers_and_libraries_2020.1.217/linux/tbb/lib/intel64/gcc4.8/:/opt/intel/compilers_and_libraries_2020.1.217/linux/daal/lib/intel64_lin/:/opt/intel/compilers_and_libraries_2020.1.217/linux/daal/../tbb/lib/intel64_lin/gcc4.8/:/usr/lib/gcc/x86_64-linux-gnu/7/../../../:/lib/:/usr/lib/
COLLECT_GCC_OPTIONS='-v' '-o' 'cmTC_c7d45' '-mtune=generic' '-march=x86-64'
 /usr/lib/gcc/x86_64-linux-gnu/7/collect2 -plugin /usr/lib/gcc/x86_64-linux-gnu/7/liblto_plugin.so -plugin-opt=/usr/lib/gcc/x86_64-linux-gnu/7/lto-wrapper -plugin-opt=-fresolution=/tmp/ccOBLztT.res -plugin-opt=-pass-through=-lgcc -plugin-opt=-pass-through=-lgcc_s -plugin-opt=-pass-through=-lc -plugin-opt=-pass-through=-lgcc -plugin-opt=-pass-through=-lgcc_s --build-id --eh-frame-hdr -m elf_x86_64 --hash-style=gnu --as-needed -dynamic-linker /lib64/ld-linux-x86-64.so.2 -pie -z now -z relro -o cmTC_c7d45 /usr/lib/gcc/x86_64-linux-gnu/7/../../../x86_64-linux-gnu/Scrt1.o /usr/lib/gcc/x86_64-linux-gnu/7/../../../x86_64-linux-gnu/crti.o /usr/lib/gcc/x86_64-linux-gnu/7/crtbeginS.o -L/opt/intel/compilers_and_libraries_2020.1.217/linux/mpi/intel64/libfabric/lib/../lib -L/usr/lib/gcc/x86_64-linux-gnu/7 -L/usr/lib/gcc/x86_64-linux-gnu/7/../../../x86_64-linux-gnu -L/usr/lib/gcc/x86_64-linux-gnu/7/../../../../lib -L/lib/x86_64-linux-gnu -L/lib/../lib -L/usr/lib/x86_64-linux-gnu -L/usr/lib/../lib -L/opt/intel/compilers_and_libraries_2020.1.217/linux/mpi/intel64/libfabric/lib -L/opt/intel/compilers_and_libraries_2020.1.217/linux/ipp/lib/intel64 -L/opt/intel/compilers_and_libraries_2020.1.217/linux/compiler/lib/intel64_lin -L/opt/intel/compilers_and_libraries_2020.1.217/linux/mkl/lib/intel64_lin -L/opt/intel/compilers_and_libraries_2020.1.217/linux/tbb/lib/intel64/gcc4.8 -L/opt/intel/compilers_and_libraries_2020.1.217/linux/tbb/lib/intel64/gcc4.8 -L/opt/intel/compilers_and_libraries_2020.1.217/linux/daal/lib/intel64_lin -L/opt/intel/compilers_and_libraries_2020.1.217/linux/daal/../tbb/lib/intel64_lin/gcc4.8 -L/usr/lib/gcc/x86_64-linux-gnu/7/../../.. CMakeFiles/cmTC_c7d45.dir/CMakeCCompilerABI.c.o -lgcc --push-state --as-needed -lgcc_s --pop-state -lc -lgcc --push-state --as-needed -lgcc_s --pop-state /usr/lib/gcc/x86_64-linux-gnu/7/crtendS.o /usr/lib/gcc/x86_64-linux-gnu/7/../../../x86_64-linux-gnu/crtn.o
COLLECT_GCC_OPTIONS='-v' '-o' 'cmTC_c7d45' '-mtune=generic' '-march=x86-64'
make[1]: Leaving directory '/home/vitaliy/git/intel-MKL-wrapper-for-CORR-CONV/bin/CMakeFiles/CMakeTmp'


Parsed C implicit link information from above output:
  link line regex: [^( *|.*[/\])(ld|CMAKE_LINK_STARTFILE-NOTFOUND|([^/\]+-)?ld|collect2)[^/\]*( |$)]
  ignore line: [Change Dir: /home/vitaliy/git/intel-MKL-wrapper-for-CORR-CONV/bin/CMakeFiles/CMakeTmp]
  ignore line: []
  ignore line: [Run Build Command:"/usr/bin/make" "cmTC_c7d45/fast"]
  ignore line: [/usr/bin/make -f CMakeFiles/cmTC_c7d45.dir/build.make CMakeFiles/cmTC_c7d45.dir/build]
  ignore line: [make[1]: Entering directory '/home/vitaliy/git/intel-MKL-wrapper-for-CORR-CONV/bin/CMakeFiles/CMakeTmp']
  ignore line: [Building C object CMakeFiles/cmTC_c7d45.dir/CMakeCCompilerABI.c.o]
  ignore line: [/usr/bin/cc    -o CMakeFiles/cmTC_c7d45.dir/CMakeCCompilerABI.c.o   -c /usr/share/cmake-3.10/Modules/CMakeCCompilerABI.c]
  ignore line: [Linking C executable cmTC_c7d45]
  ignore line: [/usr/bin/cmake -E cmake_link_script CMakeFiles/cmTC_c7d45.dir/link.txt --verbose=1]
  ignore line: [/usr/bin/cc     -v CMakeFiles/cmTC_c7d45.dir/CMakeCCompilerABI.c.o  -o cmTC_c7d45 ]
  ignore line: [Using built-in specs.]
  ignore line: [COLLECT_GCC=/usr/bin/cc]
  ignore line: [COLLECT_LTO_WRAPPER=/usr/lib/gcc/x86_64-linux-gnu/7/lto-wrapper]
  ignore line: [OFFLOAD_TARGET_NAMES=nvptx-none]
  ignore line: [OFFLOAD_TARGET_DEFAULT=1]
  ignore line: [Target: x86_64-linux-gnu]
  ignore line: [Configured with: ../src/configure -v --with-pkgversion='Ubuntu 7.5.0-3ubuntu1~18.04' --with-bugurl=file:///usr/share/doc/gcc-7/README.Bugs --enable-languages=c,ada,c++,go,brig,d,fortran,objc,obj-c++ --prefix=/usr --with-gcc-major-version-only --program-suffix=-7 --program-prefix=x86_64-linux-gnu- --enable-shared --enable-linker-build-id --libexecdir=/usr/lib --without-included-gettext --enable-threads=posix --libdir=/usr/lib --enable-nls --enable-bootstrap --enable-clocale=gnu --enable-libstdcxx-debug --enable-libstdcxx-time=yes --with-default-libstdcxx-abi=new --enable-gnu-unique-object --disable-vtable-verify --enable-libmpx --enable-plugin --enable-default-pie --with-system-zlib --with-target-system-zlib --enable-objc-gc=auto --enable-multiarch --disable-werror --with-arch-32=i686 --with-abi=m64 --with-multilib-list=m32,m64,mx32 --enable-multilib --with-tune=generic --enable-offload-targets=nvptx-none --without-cuda-driver --enable-checking=release --build=x86_64-linux-gnu --host=x86_64-linux-gnu --target=x86_64-linux-gnu]
  ignore line: [Thread model: posix]
  ignore line: [gcc version 7.5.0 (Ubuntu 7.5.0-3ubuntu1~18.04) ]
  ignore line: [COMPILER_PATH=/usr/lib/gcc/x86_64-linux-gnu/7/:/usr/lib/gcc/x86_64-linux-gnu/7/:/usr/lib/gcc/x86_64-linux-gnu/:/usr/lib/gcc/x86_64-linux-gnu/7/:/usr/lib/gcc/x86_64-linux-gnu/]
  ignore line: [LIBRARY_PATH=/opt/intel/compilers_and_libraries_2020.1.217/linux/mpi/intel64/libfabric/lib/../lib/:/usr/lib/gcc/x86_64-linux-gnu/7/:/usr/lib/gcc/x86_64-linux-gnu/7/../../../x86_64-linux-gnu/:/usr/lib/gcc/x86_64-linux-gnu/7/../../../../lib/:/lib/x86_64-linux-gnu/:/lib/../lib/:/usr/lib/x86_64-linux-gnu/:/usr/lib/../lib/:/opt/intel/compilers_and_libraries_2020.1.217/linux/mpi/intel64/libfabric/lib/:/opt/intel/compilers_and_libraries_2020.1.217/linux/ipp/lib/intel64/:/opt/intel/compilers_and_libraries_2020.1.217/linux/compiler/lib/intel64_lin/:/opt/intel/compilers_and_libraries_2020.1.217/linux/mkl/lib/intel64_lin/:/opt/intel/compilers_and_libraries_2020.1.217/linux/tbb/lib/intel64/gcc4.8/:/opt/intel/compilers_and_libraries_2020.1.217/linux/tbb/lib/intel64/gcc4.8/:/opt/intel/compilers_and_libraries_2020.1.217/linux/daal/lib/intel64_lin/:/opt/intel/compilers_and_libraries_2020.1.217/linux/daal/../tbb/lib/intel64_lin/gcc4.8/:/usr/lib/gcc/x86_64-linux-gnu/7/../../../:/lib/:/usr/lib/]
  ignore line: [COLLECT_GCC_OPTIONS='-v' '-o' 'cmTC_c7d45' '-mtune=generic' '-march=x86-64']
  link line: [ /usr/lib/gcc/x86_64-linux-gnu/7/collect2 -plugin /usr/lib/gcc/x86_64-linux-gnu/7/liblto_plugin.so -plugin-opt=/usr/lib/gcc/x86_64-linux-gnu/7/lto-wrapper -plugin-opt=-fresolution=/tmp/ccOBLztT.res -plugin-opt=-pass-through=-lgcc -plugin-opt=-pass-through=-lgcc_s -plugin-opt=-pass-through=-lc -plugin-opt=-pass-through=-lgcc -plugin-opt=-pass-through=-lgcc_s --build-id --eh-frame-hdr -m elf_x86_64 --hash-style=gnu --as-needed -dynamic-linker /lib64/ld-linux-x86-64.so.2 -pie -z now -z relro -o cmTC_c7d45 /usr/lib/gcc/x86_64-linux-gnu/7/../../../x86_64-linux-gnu/Scrt1.o /usr/lib/gcc/x86_64-linux-gnu/7/../../../x86_64-linux-gnu/crti.o /usr/lib/gcc/x86_64-linux-gnu/7/crtbeginS.o -L/opt/intel/compilers_and_libraries_2020.1.217/linux/mpi/intel64/libfabric/lib/../lib -L/usr/lib/gcc/x86_64-linux-gnu/7 -L/usr/lib/gcc/x86_64-linux-gnu/7/../../../x86_64-linux-gnu -L/usr/lib/gcc/x86_64-linux-gnu/7/../../../../lib -L/lib/x86_64-linux-gnu -L/lib/../lib -L/usr/lib/x86_64-linux-gnu -L/usr/lib/../lib -L/opt/intel/compilers_and_libraries_2020.1.217/linux/mpi/intel64/libfabric/lib -L/opt/intel/compilers_and_libraries_2020.1.217/linux/ipp/lib/intel64 -L/opt/intel/compilers_and_libraries_2020.1.217/linux/compiler/lib/intel64_lin -L/opt/intel/compilers_and_libraries_2020.1.217/linux/mkl/lib/intel64_lin -L/opt/intel/compilers_and_libraries_2020.1.217/linux/tbb/lib/intel64/gcc4.8 -L/opt/intel/compilers_and_libraries_2020.1.217/linux/tbb/lib/intel64/gcc4.8 -L/opt/intel/compilers_and_libraries_2020.1.217/linux/daal/lib/intel64_lin -L/opt/intel/compilers_and_libraries_2020.1.217/linux/daal/../tbb/lib/intel64_lin/gcc4.8 -L/usr/lib/gcc/x86_64-linux-gnu/7/../../.. CMakeFiles/cmTC_c7d45.dir/CMakeCCompilerABI.c.o -lgcc --push-state --as-needed -lgcc_s --pop-state -lc -lgcc --push-state --as-needed -lgcc_s --pop-state /usr/lib/gcc/x86_64-linux-gnu/7/crtendS.o /usr/lib/gcc/x86_64-linux-gnu/7/../../../x86_64-linux-gnu/crtn.o]
    arg [/usr/lib/gcc/x86_64-linux-gnu/7/collect2] ==> ignore
    arg [-plugin] ==> ignore
    arg [/usr/lib/gcc/x86_64-linux-gnu/7/liblto_plugin.so] ==> ignore
    arg [-plugin-opt=/usr/lib/gcc/x86_64-linux-gnu/7/lto-wrapper] ==> ignore
    arg [-plugin-opt=-fresolution=/tmp/ccOBLztT.res] ==> ignore
    arg [-plugin-opt=-pass-through=-lgcc] ==> ignore
    arg [-plugin-opt=-pass-through=-lgcc_s] ==> ignore
    arg [-plugin-opt=-pass-through=-lc] ==> ignore
    arg [-plugin-opt=-pass-through=-lgcc] ==> ignore
    arg [-plugin-opt=-pass-through=-lgcc_s] ==> ignore
    arg [--build-id] ==> ignore
    arg [--eh-frame-hdr] ==> ignore
    arg [-m] ==> ignore
    arg [elf_x86_64] ==> ignore
    arg [--hash-style=gnu] ==> ignore
    arg [--as-needed] ==> ignore
    arg [-dynamic-linker] ==> ignore
    arg [/lib64/ld-linux-x86-64.so.2] ==> ignore
    arg [-pie] ==> ignore
    arg [-znow] ==> ignore
    arg [-zrelro] ==> ignore
    arg [-o] ==> ignore
    arg [cmTC_c7d45] ==> ignore
    arg [/usr/lib/gcc/x86_64-linux-gnu/7/../../../x86_64-linux-gnu/Scrt1.o] ==> ignore
    arg [/usr/lib/gcc/x86_64-linux-gnu/7/../../../x86_64-linux-gnu/crti.o] ==> ignore
    arg [/usr/lib/gcc/x86_64-linux-gnu/7/crtbeginS.o] ==> ignore
    arg [-L/opt/intel/compilers_and_libraries_2020.1.217/linux/mpi/intel64/libfabric/lib/../lib] ==> dir [/opt/intel/compilers_and_libraries_2020.1.217/linux/mpi/intel64/libfabric/lib/../lib]
    arg [-L/usr/lib/gcc/x86_64-linux-gnu/7] ==> dir [/usr/lib/gcc/x86_64-linux-gnu/7]
    arg [-L/usr/lib/gcc/x86_64-linux-gnu/7/../../../x86_64-linux-gnu] ==> dir [/usr/lib/gcc/x86_64-linux-gnu/7/../../../x86_64-linux-gnu]
    arg [-L/usr/lib/gcc/x86_64-linux-gnu/7/../../../../lib] ==> dir [/usr/lib/gcc/x86_64-linux-gnu/7/../../../../lib]
    arg [-L/lib/x86_64-linux-gnu] ==> dir [/lib/x86_64-linux-gnu]
    arg [-L/lib/../lib] ==> dir [/lib/../lib]
    arg [-L/usr/lib/x86_64-linux-gnu] ==> dir [/usr/lib/x86_64-linux-gnu]
    arg [-L/usr/lib/../lib] ==> dir [/usr/lib/../lib]
    arg [-L/opt/intel/compilers_and_libraries_2020.1.217/linux/mpi/intel64/libfabric/lib] ==> dir [/opt/intel/compilers_and_libraries_2020.1.217/linux/mpi/intel64/libfabric/lib]
    arg [-L/opt/intel/compilers_and_libraries_2020.1.217/linux/ipp/lib/intel64] ==> dir [/opt/intel/compilers_and_libraries_2020.1.217/linux/ipp/lib/intel64]
    arg [-L/opt/intel/compilers_and_libraries_2020.1.217/linux/compiler/lib/intel64_lin] ==> dir [/opt/intel/compilers_and_libraries_2020.1.217/linux/compiler/lib/intel64_lin]
    arg [-L/opt/intel/compilers_and_libraries_2020.1.217/linux/mkl/lib/intel64_lin] ==> dir [/opt/intel/compilers_and_libraries_2020.1.217/linux/mkl/lib/intel64_lin]
    arg [-L/opt/intel/compilers_and_libraries_2020.1.217/linux/tbb/lib/intel64/gcc4.8] ==> dir [/opt/intel/compilers_and_libraries_2020.1.217/linux/tbb/lib/intel64/gcc4.8]
    arg [-L/opt/intel/compilers_and_libraries_2020.1.217/linux/tbb/lib/intel64/gcc4.8] ==> dir [/opt/intel/compilers_and_libraries_2020.1.217/linux/tbb/lib/intel64/gcc4.8]
    arg [-L/opt/intel/compilers_and_libraries_2020.1.217/linux/daal/lib/intel64_lin] ==> dir [/opt/intel/compilers_and_libraries_2020.1.217/linux/daal/lib/intel64_lin]
    arg [-L/opt/intel/compilers_and_libraries_2020.1.217/linux/daal/../tbb/lib/intel64_lin/gcc4.8] ==> dir [/opt/intel/compilers_and_libraries_2020.1.217/linux/daal/../tbb/lib/intel64_lin/gcc4.8]
    arg [-L/usr/lib/gcc/x86_64-linux-gnu/7/../../..] ==> dir [/usr/lib/gcc/x86_64-linux-gnu/7/../../..]
    arg [CMakeFiles/cmTC_c7d45.dir/CMakeCCompilerABI.c.o] ==> ignore
    arg [-lgcc] ==> lib [gcc]
    arg [--push-state] ==> ignore
    arg [--as-needed] ==> ignore
    arg [-lgcc_s] ==> lib [gcc_s]
    arg [--pop-state] ==> ignore
    arg [-lc] ==> lib [c]
    arg [-lgcc] ==> lib [gcc]
    arg [--push-state] ==> ignore
    arg [--as-needed] ==> ignore
    arg [-lgcc_s] ==> lib [gcc_s]
    arg [--pop-state] ==> ignore
    arg [/usr/lib/gcc/x86_64-linux-gnu/7/crtendS.o] ==> ignore
    arg [/usr/lib/gcc/x86_64-linux-gnu/7/../../../x86_64-linux-gnu/crtn.o] ==> ignore
  collapse library dir [/opt/intel/compilers_and_libraries_2020.1.217/linux/mpi/intel64/libfabric/lib/../lib] ==> [/opt/intel/compilers_and_libraries_2020.1.217/linux/mpi/intel64/libfabric/lib]
  collapse library dir [/usr/lib/gcc/x86_64-linux-gnu/7] ==> [/usr/lib/gcc/x86_64-linux-gnu/7]
  collapse library dir [/usr/lib/gcc/x86_64-linux-gnu/7/../../../x86_64-linux-gnu] ==> [/usr/lib/x86_64-linux-gnu]
  collapse library dir [/usr/lib/gcc/x86_64-linux-gnu/7/../../../../lib] ==> [/usr/lib]
  collapse library dir [/lib/x86_64-linux-gnu] ==> [/lib/x86_64-linux-gnu]
  collapse library dir [/lib/../lib] ==> [/lib]
  collapse library dir [/usr/lib/x86_64-linux-gnu] ==> [/usr/lib/x86_64-linux-gnu]
  collapse library dir [/usr/lib/../lib] ==> [/usr/lib]
  collapse library dir [/opt/intel/compilers_and_libraries_2020.1.217/linux/mpi/intel64/libfabric/lib] ==> [/opt/intel/compilers_and_libraries_2020.1.217/linux/mpi/intel64/libfabric/lib]
  collapse library dir [/opt/intel/compilers_and_libraries_2020.1.217/linux/ipp/lib/intel64] ==> [/opt/intel/compilers_and_libraries_2020.1.217/linux/ipp/lib/intel64]
  collapse library dir [/opt/intel/compilers_and_libraries_2020.1.217/linux/compiler/lib/intel64_lin] ==> [/opt/intel/compilers_and_libraries_2020.1.217/linux/compiler/lib/intel64_lin]
  collapse library dir [/opt/intel/compilers_and_libraries_2020.1.217/linux/mkl/lib/intel64_lin] ==> [/opt/intel/compilers_and_libraries_2020.1.217/linux/mkl/lib/intel64_lin]
  collapse library dir [/opt/intel/compilers_and_libraries_2020.1.217/linux/tbb/lib/intel64/gcc4.8] ==> [/opt/intel/compilers_and_libraries_2020.1.217/linux/tbb/lib/intel64/gcc4.8]
  collapse library dir [/opt/intel/compilers_and_libraries_2020.1.217/linux/tbb/lib/intel64/gcc4.8] ==> [/opt/intel/compilers_and_libraries_2020.1.217/linux/tbb/lib/intel64/gcc4.8]
  collapse library dir [/opt/intel/compilers_and_libraries_2020.1.217/linux/daal/lib/intel64_lin] ==> [/opt/intel/compilers_and_libraries_2020.1.217/linux/daal/lib/intel64_lin]
  collapse library dir [/opt/intel/compilers_and_libraries_2020.1.217/linux/daal/../tbb/lib/intel64_lin/gcc4.8] ==> [/opt/intel/compilers_and_libraries_2020.1.217/linux/tbb/lib/intel64_lin/gcc4.8]
  collapse library dir [/usr/lib/gcc/x86_64-linux-gnu/7/../../..] ==> [/usr/lib]
  implicit libs: [gcc;gcc_s;c;gcc;gcc_s]
  implicit dirs: [/opt/intel/compilers_and_libraries_2020.1.217/linux/mpi/intel64/libfabric/lib;/usr/lib/gcc/x86_64-linux-gnu/7;/usr/lib/x86_64-linux-gnu;/usr/lib;/lib/x86_64-linux-gnu;/lib;/opt/intel/compilers_and_libraries_2020.1.217/linux/ipp/lib/intel64;/opt/intel/compilers_and_libraries_2020.1.217/linux/compiler/lib/intel64_lin;/opt/intel/compilers_and_libraries_2020.1.217/linux/mkl/lib/intel64_lin;/opt/intel/compilers_and_libraries_2020.1.217/linux/tbb/lib/intel64/gcc4.8;/opt/intel/compilers_and_libraries_2020.1.217/linux/daal/lib/intel64_lin;/opt/intel/compilers_and_libraries_2020.1.217/linux/tbb/lib/intel64_lin/gcc4.8]
  implicit fwks: []




Detecting C [-std=c11] compiler features compiled with the following output:
Change Dir: /home/vitaliy/git/intel-MKL-wrapper-for-CORR-CONV/bin/CMakeFiles/CMakeTmp

Run Build Command:"/usr/bin/make" "cmTC_cb044/fast"
/usr/bin/make -f CMakeFiles/cmTC_cb044.dir/build.make CMakeFiles/cmTC_cb044.dir/build
make[1]: Entering directory '/home/vitaliy/git/intel-MKL-wrapper-for-CORR-CONV/bin/CMakeFiles/CMakeTmp'
Building C object CMakeFiles/cmTC_cb044.dir/feature_tests.c.o
/usr/bin/cc   -std=c11 -o CMakeFiles/cmTC_cb044.dir/feature_tests.c.o   -c /home/vitaliy/git/intel-MKL-wrapper-for-CORR-CONV/bin/CMakeFiles/feature_tests.c
Linking C executable cmTC_cb044
/usr/bin/cmake -E cmake_link_script CMakeFiles/cmTC_cb044.dir/link.txt --verbose=1
/usr/bin/cc      CMakeFiles/cmTC_cb044.dir/feature_tests.c.o  -o cmTC_cb044 
make[1]: Leaving directory '/home/vitaliy/git/intel-MKL-wrapper-for-CORR-CONV/bin/CMakeFiles/CMakeTmp'


    Feature record: C_FEATURE:1c_function_prototypes
    Feature record: C_FEATURE:1c_restrict
    Feature record: C_FEATURE:1c_static_assert
    Feature record: C_FEATURE:1c_variadic_macros


Detecting C [-std=c99] compiler features compiled with the following output:
Change Dir: /home/vitaliy/git/intel-MKL-wrapper-for-CORR-CONV/bin/CMakeFiles/CMakeTmp

Run Build Command:"/usr/bin/make" "cmTC_3c1b0/fast"
/usr/bin/make -f CMakeFiles/cmTC_3c1b0.dir/build.make CMakeFiles/cmTC_3c1b0.dir/build
make[1]: Entering directory '/home/vitaliy/git/intel-MKL-wrapper-for-CORR-CONV/bin/CMakeFiles/CMakeTmp'
Building C object CMakeFiles/cmTC_3c1b0.dir/feature_tests.c.o
/usr/bin/cc   -std=c99 -o CMakeFiles/cmTC_3c1b0.dir/feature_tests.c.o   -c /home/vitaliy/git/intel-MKL-wrapper-for-CORR-CONV/bin/CMakeFiles/feature_tests.c
Linking C executable cmTC_3c1b0
/usr/bin/cmake -E cmake_link_script CMakeFiles/cmTC_3c1b0.dir/link.txt --verbose=1
/usr/bin/cc      CMakeFiles/cmTC_3c1b0.dir/feature_tests.c.o  -o cmTC_3c1b0 
make[1]: Leaving directory '/home/vitaliy/git/intel-MKL-wrapper-for-CORR-CONV/bin/CMakeFiles/CMakeTmp'


    Feature record: C_FEATURE:1c_function_prototypes
    Feature record: C_FEATURE:1c_restrict
    Feature record: C_FEATURE:0c_static_assert
    Feature record: C_FEATURE:1c_variadic_macros


Detecting C [-std=c90] compiler features compiled with the following output:
Change Dir: /home/vitaliy/git/intel-MKL-wrapper-for-CORR-CONV/bin/CMakeFiles/CMakeTmp

Run Build Command:"/usr/bin/make" "cmTC_ef03d/fast"
/usr/bin/make -f CMakeFiles/cmTC_ef03d.dir/build.make CMakeFiles/cmTC_ef03d.dir/build
make[1]: Entering directory '/home/vitaliy/git/intel-MKL-wrapper-for-CORR-CONV/bin/CMakeFiles/CMakeTmp'
Building C object CMakeFiles/cmTC_ef03d.dir/feature_tests.c.o
/usr/bin/cc   -std=c90 -o CMakeFiles/cmTC_ef03d.dir/feature_tests.c.o   -c /home/vitaliy/git/intel-MKL-wrapper-for-CORR-CONV/bin/CMakeFiles/feature_tests.c
Linking C executable cmTC_ef03d
/usr/bin/cmake -E cmake_link_script CMakeFiles/cmTC_ef03d.dir/link.txt --verbose=1
/usr/bin/cc      CMakeFiles/cmTC_ef03d.dir/feature_tests.c.o  -o cmTC_ef03d 
make[1]: Leaving directory '/home/vitaliy/git/intel-MKL-wrapper-for-CORR-CONV/bin/CMakeFiles/CMakeTmp'


    Feature record: C_FEATURE:1c_function_prototypes
    Feature record: C_FEATURE:0c_restrict
    Feature record: C_FEATURE:0c_static_assert
    Feature record: C_FEATURE:0c_variadic_macros
Determining if the CXX compiler works passed with the following output:
Change Dir: /home/vitaliy/git/intel-MKL-wrapper-for-CORR-CONV/bin/CMakeFiles/CMakeTmp

Run Build Command:"/usr/bin/make" "cmTC_ef446/fast"
/usr/bin/make -f CMakeFiles/cmTC_ef446.dir/build.make CMakeFiles/cmTC_ef446.dir/build
make[1]: Entering directory '/home/vitaliy/git/intel-MKL-wrapper-for-CORR-CONV/bin/CMakeFiles/CMakeTmp'
Building CXX object CMakeFiles/cmTC_ef446.dir/testCXXCompiler.cxx.o
/opt/intel/compilers_and_libraries_2020.1.217/linux/bin/intel64/icpc     -o CMakeFiles/cmTC_ef446.dir/testCXXCompiler.cxx.o -c /home/vitaliy/git/intel-MKL-wrapper-for-CORR-CONV/bin/CMakeFiles/CMakeTmp/testCXXCompiler.cxx
Linking CXX executable cmTC_ef446
/usr/bin/cmake -E cmake_link_script CMakeFiles/cmTC_ef446.dir/link.txt --verbose=1
/opt/intel/compilers_and_libraries_2020.1.217/linux/bin/intel64/icpc       CMakeFiles/cmTC_ef446.dir/testCXXCompiler.cxx.o  -o cmTC_ef446 
make[1]: Leaving directory '/home/vitaliy/git/intel-MKL-wrapper-for-CORR-CONV/bin/CMakeFiles/CMakeTmp'


Detecting CXX compiler ABI info compiled with the following output:
Change Dir: /home/vitaliy/git/intel-MKL-wrapper-for-CORR-CONV/bin/CMakeFiles/CMakeTmp

Run Build Command:"/usr/bin/make" "cmTC_4cd2a/fast"
/usr/bin/make -f CMakeFiles/cmTC_4cd2a.dir/build.make CMakeFiles/cmTC_4cd2a.dir/build
make[1]: Entering directory '/home/vitaliy/git/intel-MKL-wrapper-for-CORR-CONV/bin/CMakeFiles/CMakeTmp'
Building CXX object CMakeFiles/cmTC_4cd2a.dir/CMakeCXXCompilerABI.cpp.o
/opt/intel/compilers_and_libraries_2020.1.217/linux/bin/intel64/icpc     -o CMakeFiles/cmTC_4cd2a.dir/CMakeCXXCompilerABI.cpp.o -c /usr/share/cmake-3.10/Modules/CMakeCXXCompilerABI.cpp
Linking CXX executable cmTC_4cd2a
/usr/bin/cmake -E cmake_link_script CMakeFiles/cmTC_4cd2a.dir/link.txt --verbose=1
/opt/intel/compilers_and_libraries_2020.1.217/linux/bin/intel64/icpc      -v CMakeFiles/cmTC_4cd2a.dir/CMakeCXXCompilerABI.cpp.o  -o cmTC_4cd2a 
icpc version 19.1.1.217 (gcc version 7.5.0 compatibility)
/opt/intel/compilers_and_libraries_2020.1.217/linux/bin/intel64/mcpcom    -mGLOB_em64t=TRUE -mP1OPT_version=19.1-intel64 -mGLOB_diag_file=CMakeFiles/cmTC_4cd2a.dir/CMakeCXXCompilerABI.cpp.diag -mGLOB_long_size_64 -mGLOB_routine_pointer_size_64 -mP1OPT_print_version=FALSE -mCG_use_gas_got_workaround=F -mP2OPT_align_option_used=TRUE -mGLOB_gcc_version=750 "-mGLOB_options_string=-v -o cmTC_4cd2a" -mGLOB_cxx_limited_range=FALSE -mCG_extend_parms=FALSE -mGLOB_compiler_bin_directory=/opt/intel/compilers_and_libraries_2020.1.217/linux/bin/intel64 -mGLOB_as_output_backup_file_name=/tmp/icpc8vEAUNas_.s -mGLOB_dashboard_use_source_name -mIPOPT_activate -mGLOB_product_id_code=0x22006d90 -mP3OPT_use_mspp_call_convention -mP2OPT_subs_out_of_bound=FALSE -mP2OPT_disam_type_based_disam=2 -mP2OPT_disam_assume_ansi_c -mP2OPT_checked_disam_ansi_alias=TRUE -mGLOB_ansi_alias -mPGOPTI_value_profile_use=T -mGLOB_opt_report_use_source_name -mP2OPT_il0_array_sections=TRUE -mGLOB_offload_mode=1 -mP2OPT_offload_unique_var_string=icpc0648547660Zm2FrU -mP2OPT_hlo -mP2OPT_hpo_rtt_control=0 -mIPOPT_args_in_regs=0 -mP2OPT_disam_assume_nonstd_intent_in=FALSE -mGLOB_imf_mapping_library=/opt/intel/compilers_and_libraries_2020.1.217/linux/bin/intel64/libiml_attr.so -mPGOPTI_gen_threadsafe_level=0 -mIPOPT_link -mIPOPT_ipo_activate -mIPOPT_mo_activate -mIPOPT_source_files_list=/tmp/icpcslisYbYYQh -mIPOPT_mo_global_data -mIPOPT_link_script_file=/tmp/icpcscript60HMS2 "-mIPOPT_cmdline_link="/usr/lib/gcc/x86_64-linux-gnu/7/../../../x86_64-linux-gnu/Scrt1.o" "/usr/lib/gcc/x86_64-linux-gnu/7/../../../x86_64-linux-gnu/crti.o" "/usr/lib/gcc/x86_64-linux-gnu/7/crtbeginS.o" "--eh-frame-hdr" "--build-id" "-dynamic-linker" "/lib64/ld-linux-x86-64.so.2" "-m" "elf_x86_64" "-o" "cmTC_4cd2a" "-L/opt/intel/compilers_and_libraries_2020.1.217/linux/mpi/intel64/libfabric/lib" "-L/opt/intel/compilers_and_libraries_2020.1.217/linux/ipp/lib/intel64" "-L/opt/intel/compilers_and_libraries_2020.1.217/linux/compiler/lib/intel64_lin" "-L/opt/intel/compilers_and_libraries_2020.1.217/linux/mkl/lib/intel64_lin" "-L/opt/intel/compilers_and_libraries_2020.1.217/linux/tbb/lib/intel64/gcc4.8" "-L/opt/intel/compilers_and_libraries_2020.1.217/linux/tbb/lib/intel64/gcc4.8" "-L/opt/intel/compilers_and_libraries_2020.1.217/linux/daal/lib/intel64_lin" "-L/opt/intel/compilers_and_libraries_2020.1.217/linux/daal/../tbb/lib/intel64_lin/gcc4.4" "-L/opt/intel/compilers_and_libraries_2020.1.217/linux/daal/../tbb/lib/intel64_lin/gcc4.8" "-L/opt/intel/compilers_and_libraries_2020.1.217/linux/compiler/lib/intel64_lin" "-L/opt/intel/compilers_and_libraries_2020.1.217/linux/mpi/intel64/libfabric/lib/../lib/" "-L/usr/lib/gcc/x86_64-linux-gnu/7/" "-L/usr/lib/gcc/x86_64-linux-gnu/7/../../../x86_64-linux-gnu/" "-L/usr/lib/gcc/x86_64-linux-gnu/7/../../../../lib/" "-L/lib/x86_64-linux-gnu/" "-L/lib/../lib64" "-L/lib/../lib/" "-L/usr/lib/x86_64-linux-gnu/" "-L/usr/lib/../lib/" "-L/opt/intel/compilers_and_libraries_2020.1.217/linux/mpi/intel64/libfabric/lib/" "-L/opt/intel/compilers_and_libraries_2020.1.217/linux/ipp/lib/intel64/" "-L/opt/intel/compilers_and_libraries_2020.1.217/linux/compiler/lib/intel64_lin/" "-L/opt/intel/compilers_and_libraries_2020.1.217/linux/mkl/lib/intel64_lin/" "-L/opt/intel/compilers_and_libraries_2020.1.217/linux/tbb/lib/intel64/gcc4.8/" "-L/opt/intel/compilers_and_libraries_2020.1.217/linux/daal/lib/intel64_lin/" "-L/opt/intel/compilers_and_libraries_2020.1.217/linux/daal/../tbb/lib/intel64_lin/gcc4.8/" "-L/usr/lib/gcc/x86_64-linux-gnu/7/../../../" "-L/lib64" "-L/lib/" "-L/usr/lib" "CMakeFiles/cmTC_4cd2a.dir/CMakeCXXCompilerABI.cpp.o" "-Bdynamic" "-Bstatic" "-limf" "-lsvml" "-lirng" "-Bdynamic" "-lstdc++" "-lm" "-Bstatic" "-lipgo" "-ldecimal" "--as-needed" "-Bdynamic" "-lcilkrts" "--no-as-needed" "-lstdc++" "-lgcc" "-lgcc_s" "-Bstatic" "-lirc" "-lsvml" "-Bdynamic" "-lc" "-lgcc" "-lgcc_s" "-Bstatic" "-lirc_s" "-Bdynamic" "-ldl" "-lc" "/usr/lib/gcc/x86_64-linux-gnu/7/crtendS.o" "/usr/lib/gcc/x86_64-linux-gnu/7/../../../x86_64-linux-gnu/crtn.o"" -mIPOPT_il_in_obj -mIPOPT_ipo_activate_warn=FALSE -mIPOPT_obj_output_file_name=/tmp/ipo_icpcpEsdGJ.o -mIPOPT_whole_archive_fixup_file_name=/tmp/icpcwarchbpAzYj -mGLOB_linker_version=2.30 -mGLOB_linker=ld -mGLOB_driver_tempfile_name=/tmp/icpctempfilegDxK04 -mP3OPT_asm_target=P3OPT_ASM_TARGET_GAS -mGLOB_async_unwind_tables=TRUE -mGLOB_obj_output_file=/tmp/ipo_icpcpEsdGJ.o -mGLOB_source_dialect=GLOB_SOURCE_DIALECT_NONE -mP1OPT_source_file_name=ipo_out.c CMakeFiles/cmTC_4cd2a.dir/CMakeCXXCompilerABI.cpp.o -mIPOPT_object_files=T -mIPOPT_assembly_files=/tmp/icpcalis8znNJf -mIPOPT_generated_tempfiles=/tmp/icpcelisGvAAL0 -mIPOPT_embedded_object_base_name=/tmp/icpceobjFcUnNL -mIPOPT_cmdline_link_new_name=/tmp/icpcllis2WmbPw
ld    /usr/lib/gcc/x86_64-linux-gnu/7/../../../x86_64-linux-gnu/Scrt1.o /usr/lib/gcc/x86_64-linux-gnu/7/../../../x86_64-linux-gnu/crti.o /usr/lib/gcc/x86_64-linux-gnu/7/crtbeginS.o --eh-frame-hdr --build-id -dynamic-linker /lib64/ld-linux-x86-64.so.2 -m elf_x86_64 -o cmTC_4cd2a -L/opt/intel/compilers_and_libraries_2020.1.217/linux/mpi/intel64/libfabric/lib -L/opt/intel/compilers_and_libraries_2020.1.217/linux/ipp/lib/intel64 -L/opt/intel/compilers_and_libraries_2020.1.217/linux/compiler/lib/intel64_lin -L/opt/intel/compilers_and_libraries_2020.1.217/linux/mkl/lib/intel64_lin -L/opt/intel/compilers_and_libraries_2020.1.217/linux/tbb/lib/intel64/gcc4.8 -L/opt/intel/compilers_and_libraries_2020.1.217/linux/tbb/lib/intel64/gcc4.8 -L/opt/intel/compilers_and_libraries_2020.1.217/linux/daal/lib/intel64_lin -L/opt/intel/compilers_and_libraries_2020.1.217/linux/daal/../tbb/lib/intel64_lin/gcc4.4 -L/opt/intel/compilers_and_libraries_2020.1.217/linux/daal/../tbb/lib/intel64_lin/gcc4.8 -L/opt/intel/compilers_and_libraries_2020.1.217/linux/compiler/lib/intel64_lin -L/opt/intel/compilers_and_libraries_2020.1.217/linux/mpi/intel64/libfabric/lib/../lib/ -L/usr/lib/gcc/x86_64-linux-gnu/7/ -L/usr/lib/gcc/x86_64-linux-gnu/7/../../../x86_64-linux-gnu/ -L/usr/lib/gcc/x86_64-linux-gnu/7/../../../../lib/ -L/lib/x86_64-linux-gnu/ -L/lib/../lib64 -L/lib/../lib/ -L/usr/lib/x86_64-linux-gnu/ -L/usr/lib/../lib/ -L/opt/intel/compilers_and_libraries_2020.1.217/linux/mpi/intel64/libfabric/lib/ -L/opt/intel/compilers_and_libraries_2020.1.217/linux/ipp/lib/intel64/ -L/opt/intel/compilers_and_libraries_2020.1.217/linux/compiler/lib/intel64_lin/ -L/opt/intel/compilers_and_libraries_2020.1.217/linux/mkl/lib/intel64_lin/ -L/opt/intel/compilers_and_libraries_2020.1.217/linux/tbb/lib/intel64/gcc4.8/ -L/opt/intel/compilers_and_libraries_2020.1.217/linux/daal/lib/intel64_lin/ -L/opt/intel/compilers_and_libraries_2020.1.217/linux/daal/../tbb/lib/intel64_lin/gcc4.8/ -L/usr/lib/gcc/x86_64-linux-gnu/7/../../../ -L/lib64 -L/lib/ -L/usr/lib CMakeFiles/cmTC_4cd2a.dir/CMakeCXXCompilerABI.cpp.o -Bdynamic -Bstatic -limf -lsvml -lirng -Bdynamic -lstdc++ -lm -Bstatic -lipgo -ldecimal --as-needed -Bdynamic -lcilkrts --no-as-needed -lstdc++ -lgcc -lgcc_s -Bstatic -lirc -lsvml -Bdynamic -lc -lgcc -lgcc_s -Bstatic -lirc_s -Bdynamic -ldl -lc /usr/lib/gcc/x86_64-linux-gnu/7/crtendS.o /usr/lib/gcc/x86_64-linux-gnu/7/../../../x86_64-linux-gnu/crtn.o
make[1]: Leaving directory '/home/vitaliy/git/intel-MKL-wrapper-for-CORR-CONV/bin/CMakeFiles/CMakeTmp'


Parsed CXX implicit link information from above output:
  link line regex: [^( *|.*[/\])(ld|CMAKE_LINK_STARTFILE-NOTFOUND|([^/\]+-)?ld|collect2)[^/\]*( |$)]
  ignore line: [Change Dir: /home/vitaliy/git/intel-MKL-wrapper-for-CORR-CONV/bin/CMakeFiles/CMakeTmp]
  ignore line: []
  ignore line: [Run Build Command:"/usr/bin/make" "cmTC_4cd2a/fast"]
  ignore line: [/usr/bin/make -f CMakeFiles/cmTC_4cd2a.dir/build.make CMakeFiles/cmTC_4cd2a.dir/build]
  ignore line: [make[1]: Entering directory '/home/vitaliy/git/intel-MKL-wrapper-for-CORR-CONV/bin/CMakeFiles/CMakeTmp']
  ignore line: [Building CXX object CMakeFiles/cmTC_4cd2a.dir/CMakeCXXCompilerABI.cpp.o]
  ignore line: [/opt/intel/compilers_and_libraries_2020.1.217/linux/bin/intel64/icpc     -o CMakeFiles/cmTC_4cd2a.dir/CMakeCXXCompilerABI.cpp.o -c /usr/share/cmake-3.10/Modules/CMakeCXXCompilerABI.cpp]
  ignore line: [Linking CXX executable cmTC_4cd2a]
  ignore line: [/usr/bin/cmake -E cmake_link_script CMakeFiles/cmTC_4cd2a.dir/link.txt --verbose=1]
  ignore line: [/opt/intel/compilers_and_libraries_2020.1.217/linux/bin/intel64/icpc      -v CMakeFiles/cmTC_4cd2a.dir/CMakeCXXCompilerABI.cpp.o  -o cmTC_4cd2a ]
  ignore line: [icpc version 19.1.1.217 (gcc version 7.5.0 compatibility)]
  ignore line: [/opt/intel/compilers_and_libraries_2020.1.217/linux/bin/intel64/mcpcom    -mGLOB_em64t=TRUE -mP1OPT_version=19.1-intel64 -mGLOB_diag_file=CMakeFiles/cmTC_4cd2a.dir/CMakeCXXCompilerABI.cpp.diag -mGLOB_long_size_64 -mGLOB_routine_pointer_size_64 -mP1OPT_print_version=FALSE -mCG_use_gas_got_workaround=F -mP2OPT_align_option_used=TRUE -mGLOB_gcc_version=750 "-mGLOB_options_string=-v -o cmTC_4cd2a" -mGLOB_cxx_limited_range=FALSE -mCG_extend_parms=FALSE -mGLOB_compiler_bin_directory=/opt/intel/compilers_and_libraries_2020.1.217/linux/bin/intel64 -mGLOB_as_output_backup_file_name=/tmp/icpc8vEAUNas_.s -mGLOB_dashboard_use_source_name -mIPOPT_activate -mGLOB_product_id_code=0x22006d90 -mP3OPT_use_mspp_call_convention -mP2OPT_subs_out_of_bound=FALSE -mP2OPT_disam_type_based_disam=2 -mP2OPT_disam_assume_ansi_c -mP2OPT_checked_disam_ansi_alias=TRUE -mGLOB_ansi_alias -mPGOPTI_value_profile_use=T -mGLOB_opt_report_use_source_name -mP2OPT_il0_array_sections=TRUE -mGLOB_offload_mode=1 -mP2OPT_offload_unique_var_string=icpc0648547660Zm2FrU -mP2OPT_hlo -mP2OPT_hpo_rtt_control=0 -mIPOPT_args_in_regs=0 -mP2OPT_disam_assume_nonstd_intent_in=FALSE -mGLOB_imf_mapping_library=/opt/intel/compilers_and_libraries_2020.1.217/linux/bin/intel64/libiml_attr.so -mPGOPTI_gen_threadsafe_level=0 -mIPOPT_link -mIPOPT_ipo_activate -mIPOPT_mo_activate -mIPOPT_source_files_list=/tmp/icpcslisYbYYQh -mIPOPT_mo_global_data -mIPOPT_link_script_file=/tmp/icpcscript60HMS2 "-mIPOPT_cmdline_link="/usr/lib/gcc/x86_64-linux-gnu/7/../../../x86_64-linux-gnu/Scrt1.o" "/usr/lib/gcc/x86_64-linux-gnu/7/../../../x86_64-linux-gnu/crti.o" "/usr/lib/gcc/x86_64-linux-gnu/7/crtbeginS.o" "--eh-frame-hdr" "--build-id" "-dynamic-linker" "/lib64/ld-linux-x86-64.so.2" "-m" "elf_x86_64" "-o" "cmTC_4cd2a" "-L/opt/intel/compilers_and_libraries_2020.1.217/linux/mpi/intel64/libfabric/lib" "-L/opt/intel/compilers_and_libraries_2020.1.217/linux/ipp/lib/intel64" "-L/opt/intel/compilers_and_libraries_2020.1.217/linux/compiler/lib/intel64_lin" "-L/opt/intel/compilers_and_libraries_2020.1.217/linux/mkl/lib/intel64_lin" "-L/opt/intel/compilers_and_libraries_2020.1.217/linux/tbb/lib/intel64/gcc4.8" "-L/opt/intel/compilers_and_libraries_2020.1.217/linux/tbb/lib/intel64/gcc4.8" "-L/opt/intel/compilers_and_libraries_2020.1.217/linux/daal/lib/intel64_lin" "-L/opt/intel/compilers_and_libraries_2020.1.217/linux/daal/../tbb/lib/intel64_lin/gcc4.4" "-L/opt/intel/compilers_and_libraries_2020.1.217/linux/daal/../tbb/lib/intel64_lin/gcc4.8" "-L/opt/intel/compilers_and_libraries_2020.1.217/linux/compiler/lib/intel64_lin" "-L/opt/intel/compilers_and_libraries_2020.1.217/linux/mpi/intel64/libfabric/lib/../lib/" "-L/usr/lib/gcc/x86_64-linux-gnu/7/" "-L/usr/lib/gcc/x86_64-linux-gnu/7/../../../x86_64-linux-gnu/" "-L/usr/lib/gcc/x86_64-linux-gnu/7/../../../../lib/" "-L/lib/x86_64-linux-gnu/" "-L/lib/../lib64" "-L/lib/../lib/" "-L/usr/lib/x86_64-linux-gnu/" "-L/usr/lib/../lib/" "-L/opt/intel/compilers_and_libraries_2020.1.217/linux/mpi/intel64/libfabric/lib/" "-L/opt/intel/compilers_and_libraries_2020.1.217/linux/ipp/lib/intel64/" "-L/opt/intel/compilers_and_libraries_2020.1.217/linux/compiler/lib/intel64_lin/" "-L/opt/intel/compilers_and_libraries_2020.1.217/linux/mkl/lib/intel64_lin/" "-L/opt/intel/compilers_and_libraries_2020.1.217/linux/tbb/lib/intel64/gcc4.8/" "-L/opt/intel/compilers_and_libraries_2020.1.217/linux/daal/lib/intel64_lin/" "-L/opt/intel/compilers_and_libraries_2020.1.217/linux/daal/../tbb/lib/intel64_lin/gcc4.8/" "-L/usr/lib/gcc/x86_64-linux-gnu/7/../../../" "-L/lib64" "-L/lib/" "-L/usr/lib" "CMakeFiles/cmTC_4cd2a.dir/CMakeCXXCompilerABI.cpp.o" "-Bdynamic" "-Bstatic" "-limf" "-lsvml" "-lirng" "-Bdynamic" "-lstdc++" "-lm" "-Bstatic" "-lipgo" "-ldecimal" "--as-needed" "-Bdynamic" "-lcilkrts" "--no-as-needed" "-lstdc++" "-lgcc" "-lgcc_s" "-Bstatic" "-lirc" "-lsvml" "-Bdynamic" "-lc" "-lgcc" "-lgcc_s" "-Bstatic" "-lirc_s" "-Bdynamic" "-ldl" "-lc" "/usr/lib/gcc/x86_64-linux-gnu/7/crtendS.o" "/usr/lib/gcc/x86_64-linux-gnu/7/../../../x86_64-linux-gnu/crtn.o"" -mIPOPT_il_in_obj -mIPOPT_ipo_activate_warn=FALSE -mIPOPT_obj_output_file_name=/tmp/ipo_icpcpEsdGJ.o -mIPOPT_whole_archive_fixup_file_name=/tmp/icpcwarchbpAzYj -mGLOB_linker_version=2.30 -mGLOB_linker=ld -mGLOB_driver_tempfile_name=/tmp/icpctempfilegDxK04 -mP3OPT_asm_target=P3OPT_ASM_TARGET_GAS -mGLOB_async_unwind_tables=TRUE -mGLOB_obj_output_file=/tmp/ipo_icpcpEsdGJ.o -mGLOB_source_dialect=GLOB_SOURCE_DIALECT_NONE -mP1OPT_source_file_name=ipo_out.c CMakeFiles/cmTC_4cd2a.dir/CMakeCXXCompilerABI.cpp.o -mIPOPT_object_files=T -mIPOPT_assembly_files=/tmp/icpcalis8znNJf -mIPOPT_generated_tempfiles=/tmp/icpcelisGvAAL0 -mIPOPT_embedded_object_base_name=/tmp/icpceobjFcUnNL -mIPOPT_cmdline_link_new_name=/tmp/icpcllis2WmbPw]
  link line: [ld    /usr/lib/gcc/x86_64-linux-gnu/7/../../../x86_64-linux-gnu/Scrt1.o /usr/lib/gcc/x86_64-linux-gnu/7/../../../x86_64-linux-gnu/crti.o /usr/lib/gcc/x86_64-linux-gnu/7/crtbeginS.o --eh-frame-hdr --build-id -dynamic-linker /lib64/ld-linux-x86-64.so.2 -m elf_x86_64 -o cmTC_4cd2a -L/opt/intel/compilers_and_libraries_2020.1.217/linux/mpi/intel64/libfabric/lib -L/opt/intel/compilers_and_libraries_2020.1.217/linux/ipp/lib/intel64 -L/opt/intel/compilers_and_libraries_2020.1.217/linux/compiler/lib/intel64_lin -L/opt/intel/compilers_and_libraries_2020.1.217/linux/mkl/lib/intel64_lin -L/opt/intel/compilers_and_libraries_2020.1.217/linux/tbb/lib/intel64/gcc4.8 -L/opt/intel/compilers_and_libraries_2020.1.217/linux/tbb/lib/intel64/gcc4.8 -L/opt/intel/compilers_and_libraries_2020.1.217/linux/daal/lib/intel64_lin -L/opt/intel/compilers_and_libraries_2020.1.217/linux/daal/../tbb/lib/intel64_lin/gcc4.4 -L/opt/intel/compilers_and_libraries_2020.1.217/linux/daal/../tbb/lib/intel64_lin/gcc4.8 -L/opt/intel/compilers_and_libraries_2020.1.217/linux/compiler/lib/intel64_lin -L/opt/intel/compilers_and_libraries_2020.1.217/linux/mpi/intel64/libfabric/lib/../lib/ -L/usr/lib/gcc/x86_64-linux-gnu/7/ -L/usr/lib/gcc/x86_64-linux-gnu/7/../../../x86_64-linux-gnu/ -L/usr/lib/gcc/x86_64-linux-gnu/7/../../../../lib/ -L/lib/x86_64-linux-gnu/ -L/lib/../lib64 -L/lib/../lib/ -L/usr/lib/x86_64-linux-gnu/ -L/usr/lib/../lib/ -L/opt/intel/compilers_and_libraries_2020.1.217/linux/mpi/intel64/libfabric/lib/ -L/opt/intel/compilers_and_libraries_2020.1.217/linux/ipp/lib/intel64/ -L/opt/intel/compilers_and_libraries_2020.1.217/linux/compiler/lib/intel64_lin/ -L/opt/intel/compilers_and_libraries_2020.1.217/linux/mkl/lib/intel64_lin/ -L/opt/intel/compilers_and_libraries_2020.1.217/linux/tbb/lib/intel64/gcc4.8/ -L/opt/intel/compilers_and_libraries_2020.1.217/linux/daal/lib/intel64_lin/ -L/opt/intel/compilers_and_libraries_2020.1.217/linux/daal/../tbb/lib/intel64_lin/gcc4.8/ -L/usr/lib/gcc/x86_64-linux-gnu/7/../../../ -L/lib64 -L/lib/ -L/usr/lib CMakeFiles/cmTC_4cd2a.dir/CMakeCXXCompilerABI.cpp.o -Bdynamic -Bstatic -limf -lsvml -lirng -Bdynamic -lstdc++ -lm -Bstatic -lipgo -ldecimal --as-needed -Bdynamic -lcilkrts --no-as-needed -lstdc++ -lgcc -lgcc_s -Bstatic -lirc -lsvml -Bdynamic -lc -lgcc -lgcc_s -Bstatic -lirc_s -Bdynamic -ldl -lc /usr/lib/gcc/x86_64-linux-gnu/7/crtendS.o /usr/lib/gcc/x86_64-linux-gnu/7/../../../x86_64-linux-gnu/crtn.o]
    arg [ld] ==> ignore
    arg [/usr/lib/gcc/x86_64-linux-gnu/7/../../../x86_64-linux-gnu/Scrt1.o] ==> ignore
    arg [/usr/lib/gcc/x86_64-linux-gnu/7/../../../x86_64-linux-gnu/crti.o] ==> ignore
    arg [/usr/lib/gcc/x86_64-linux-gnu/7/crtbeginS.o] ==> ignore
    arg [--eh-frame-hdr] ==> ignore
    arg [--build-id] ==> ignore
    arg [-dynamic-linker] ==> ignore
    arg [/lib64/ld-linux-x86-64.so.2] ==> ignore
    arg [-m] ==> ignore
    arg [elf_x86_64] ==> ignore
    arg [-o] ==> ignore
    arg [cmTC_4cd2a] ==> ignore
    arg [-L/opt/intel/compilers_and_libraries_2020.1.217/linux/mpi/intel64/libfabric/lib] ==> dir [/opt/intel/compilers_and_libraries_2020.1.217/linux/mpi/intel64/libfabric/lib]
    arg [-L/opt/intel/compilers_and_libraries_2020.1.217/linux/ipp/lib/intel64] ==> dir [/opt/intel/compilers_and_libraries_2020.1.217/linux/ipp/lib/intel64]
    arg [-L/opt/intel/compilers_and_libraries_2020.1.217/linux/compiler/lib/intel64_lin] ==> dir [/opt/intel/compilers_and_libraries_2020.1.217/linux/compiler/lib/intel64_lin]
    arg [-L/opt/intel/compilers_and_libraries_2020.1.217/linux/mkl/lib/intel64_lin] ==> dir [/opt/intel/compilers_and_libraries_2020.1.217/linux/mkl/lib/intel64_lin]
    arg [-L/opt/intel/compilers_and_libraries_2020.1.217/linux/tbb/lib/intel64/gcc4.8] ==> dir [/opt/intel/compilers_and_libraries_2020.1.217/linux/tbb/lib/intel64/gcc4.8]
    arg [-L/opt/intel/compilers_and_libraries_2020.1.217/linux/tbb/lib/intel64/gcc4.8] ==> dir [/opt/intel/compilers_and_libraries_2020.1.217/linux/tbb/lib/intel64/gcc4.8]
    arg [-L/opt/intel/compilers_and_libraries_2020.1.217/linux/daal/lib/intel64_lin] ==> dir [/opt/intel/compilers_and_libraries_2020.1.217/linux/daal/lib/intel64_lin]
    arg [-L/opt/intel/compilers_and_libraries_2020.1.217/linux/daal/../tbb/lib/intel64_lin/gcc4.4] ==> dir [/opt/intel/compilers_and_libraries_2020.1.217/linux/daal/../tbb/lib/intel64_lin/gcc4.4]
    arg [-L/opt/intel/compilers_and_libraries_2020.1.217/linux/daal/../tbb/lib/intel64_lin/gcc4.8] ==> dir [/opt/intel/compilers_and_libraries_2020.1.217/linux/daal/../tbb/lib/intel64_lin/gcc4.8]
    arg [-L/opt/intel/compilers_and_libraries_2020.1.217/linux/compiler/lib/intel64_lin] ==> dir [/opt/intel/compilers_and_libraries_2020.1.217/linux/compiler/lib/intel64_lin]
    arg [-L/opt/intel/compilers_and_libraries_2020.1.217/linux/mpi/intel64/libfabric/lib/../lib/] ==> dir [/opt/intel/compilers_and_libraries_2020.1.217/linux/mpi/intel64/libfabric/lib/../lib/]
    arg [-L/usr/lib/gcc/x86_64-linux-gnu/7/] ==> dir [/usr/lib/gcc/x86_64-linux-gnu/7/]
    arg [-L/usr/lib/gcc/x86_64-linux-gnu/7/../../../x86_64-linux-gnu/] ==> dir [/usr/lib/gcc/x86_64-linux-gnu/7/../../../x86_64-linux-gnu/]
    arg [-L/usr/lib/gcc/x86_64-linux-gnu/7/../../../../lib/] ==> dir [/usr/lib/gcc/x86_64-linux-gnu/7/../../../../lib/]
    arg [-L/lib/x86_64-linux-gnu/] ==> dir [/lib/x86_64-linux-gnu/]
    arg [-L/lib/../lib64] ==> dir [/lib/../lib64]
    arg [-L/lib/../lib/] ==> dir [/lib/../lib/]
    arg [-L/usr/lib/x86_64-linux-gnu/] ==> dir [/usr/lib/x86_64-linux-gnu/]
    arg [-L/usr/lib/../lib/] ==> dir [/usr/lib/../lib/]
    arg [-L/opt/intel/compilers_and_libraries_2020.1.217/linux/mpi/intel64/libfabric/lib/] ==> dir [/opt/intel/compilers_and_libraries_2020.1.217/linux/mpi/intel64/libfabric/lib/]
    arg [-L/opt/intel/compilers_and_libraries_2020.1.217/linux/ipp/lib/intel64/] ==> dir [/opt/intel/compilers_and_libraries_2020.1.217/linux/ipp/lib/intel64/]
    arg [-L/opt/intel/compilers_and_libraries_2020.1.217/linux/compiler/lib/intel64_lin/] ==> dir [/opt/intel/compilers_and_libraries_2020.1.217/linux/compiler/lib/intel64_lin/]
    arg [-L/opt/intel/compilers_and_libraries_2020.1.217/linux/mkl/lib/intel64_lin/] ==> dir [/opt/intel/compilers_and_libraries_2020.1.217/linux/mkl/lib/intel64_lin/]
    arg [-L/opt/intel/compilers_and_libraries_2020.1.217/linux/tbb/lib/intel64/gcc4.8/] ==> dir [/opt/intel/compilers_and_libraries_2020.1.217/linux/tbb/lib/intel64/gcc4.8/]
    arg [-L/opt/intel/compilers_and_libraries_2020.1.217/linux/daal/lib/intel64_lin/] ==> dir [/opt/intel/compilers_and_libraries_2020.1.217/linux/daal/lib/intel64_lin/]
    arg [-L/opt/intel/compilers_and_libraries_2020.1.217/linux/daal/../tbb/lib/intel64_lin/gcc4.8/] ==> dir [/opt/intel/compilers_and_libraries_2020.1.217/linux/daal/../tbb/lib/intel64_lin/gcc4.8/]
    arg [-L/usr/lib/gcc/x86_64-linux-gnu/7/../../../] ==> dir [/usr/lib/gcc/x86_64-linux-gnu/7/../../../]
    arg [-L/lib64] ==> dir [/lib64]
    arg [-L/lib/] ==> dir [/lib/]
    arg [-L/usr/lib] ==> dir [/usr/lib]
    arg [CMakeFiles/cmTC_4cd2a.dir/CMakeCXXCompilerABI.cpp.o] ==> ignore
    arg [-Bdynamic] ==> ignore
    arg [-Bstatic] ==> ignore
    arg [-limf] ==> lib [imf]
    arg [-lsvml] ==> lib [svml]
    arg [-lirng] ==> lib [irng]
    arg [-Bdynamic] ==> ignore
    arg [-lstdc++] ==> lib [stdc++]
    arg [-lm] ==> lib [m]
    arg [-Bstatic] ==> ignore
    arg [-lipgo] ==> lib [ipgo]
    arg [-ldecimal] ==> lib [decimal]
    arg [--as-needed] ==> ignore
    arg [-Bdynamic] ==> ignore
    arg [-lcilkrts] ==> lib [cilkrts]
    arg [--no-as-needed] ==> ignore
    arg [-lstdc++] ==> lib [stdc++]
    arg [-lgcc] ==> lib [gcc]
    arg [-lgcc_s] ==> lib [gcc_s]
    arg [-Bstatic] ==> ignore
    arg [-lirc] ==> lib [irc]
    arg [-lsvml] ==> lib [svml]
    arg [-Bdynamic] ==> ignore
    arg [-lc] ==> lib [c]
    arg [-lgcc] ==> lib [gcc]
    arg [-lgcc_s] ==> lib [gcc_s]
    arg [-Bstatic] ==> ignore
    arg [-lirc_s] ==> lib [irc_s]
    arg [-Bdynamic] ==> ignore
    arg [-ldl] ==> lib [dl]
    arg [-lc] ==> lib [c]
    arg [/usr/lib/gcc/x86_64-linux-gnu/7/crtendS.o] ==> ignore
    arg [/usr/lib/gcc/x86_64-linux-gnu/7/../../../x86_64-linux-gnu/crtn.o] ==> ignore
  collapse library dir [/opt/intel/compilers_and_libraries_2020.1.217/linux/mpi/intel64/libfabric/lib] ==> [/opt/intel/compilers_and_libraries_2020.1.217/linux/mpi/intel64/libfabric/lib]
  collapse library dir [/opt/intel/compilers_and_libraries_2020.1.217/linux/ipp/lib/intel64] ==> [/opt/intel/compilers_and_libraries_2020.1.217/linux/ipp/lib/intel64]
  collapse library dir [/opt/intel/compilers_and_libraries_2020.1.217/linux/compiler/lib/intel64_lin] ==> [/opt/intel/compilers_and_libraries_2020.1.217/linux/compiler/lib/intel64_lin]
  collapse library dir [/opt/intel/compilers_and_libraries_2020.1.217/linux/mkl/lib/intel64_lin] ==> [/opt/intel/compilers_and_libraries_2020.1.217/linux/mkl/lib/intel64_lin]
  collapse library dir [/opt/intel/compilers_and_libraries_2020.1.217/linux/tbb/lib/intel64/gcc4.8] ==> [/opt/intel/compilers_and_libraries_2020.1.217/linux/tbb/lib/intel64/gcc4.8]
  collapse library dir [/opt/intel/compilers_and_libraries_2020.1.217/linux/tbb/lib/intel64/gcc4.8] ==> [/opt/intel/compilers_and_libraries_2020.1.217/linux/tbb/lib/intel64/gcc4.8]
  collapse library dir [/opt/intel/compilers_and_libraries_2020.1.217/linux/daal/lib/intel64_lin] ==> [/opt/intel/compilers_and_libraries_2020.1.217/linux/daal/lib/intel64_lin]
  collapse library dir [/opt/intel/compilers_and_libraries_2020.1.217/linux/daal/../tbb/lib/intel64_lin/gcc4.4] ==> [/opt/intel/compilers_and_libraries_2020.1.217/linux/tbb/lib/intel64_lin/gcc4.4]
  collapse library dir [/opt/intel/compilers_and_libraries_2020.1.217/linux/daal/../tbb/lib/intel64_lin/gcc4.8] ==> [/opt/intel/compilers_and_libraries_2020.1.217/linux/tbb/lib/intel64_lin/gcc4.8]
  collapse library dir [/opt/intel/compilers_and_libraries_2020.1.217/linux/compiler/lib/intel64_lin] ==> [/opt/intel/compilers_and_libraries_2020.1.217/linux/compiler/lib/intel64_lin]
  collapse library dir [/opt/intel/compilers_and_libraries_2020.1.217/linux/mpi/intel64/libfabric/lib/../lib/] ==> [/opt/intel/compilers_and_libraries_2020.1.217/linux/mpi/intel64/libfabric/lib]
  collapse library dir [/usr/lib/gcc/x86_64-linux-gnu/7/] ==> [/usr/lib/gcc/x86_64-linux-gnu/7]
  collapse library dir [/usr/lib/gcc/x86_64-linux-gnu/7/../../../x86_64-linux-gnu/] ==> [/usr/lib/x86_64-linux-gnu]
  collapse library dir [/usr/lib/gcc/x86_64-linux-gnu/7/../../../../lib/] ==> [/usr/lib]
  collapse library dir [/lib/x86_64-linux-gnu/] ==> [/lib/x86_64-linux-gnu]
  collapse library dir [/lib/../lib64] ==> [/lib64]
  collapse library dir [/lib/../lib/] ==> [/lib]
  collapse library dir [/usr/lib/x86_64-linux-gnu/] ==> [/usr/lib/x86_64-linux-gnu]
  collapse library dir [/usr/lib/../lib/] ==> [/usr/lib]
  collapse library dir [/opt/intel/compilers_and_libraries_2020.1.217/linux/mpi/intel64/libfabric/lib/] ==> [/opt/intel/compilers_and_libraries_2020.1.217/linux/mpi/intel64/libfabric/lib]
  collapse library dir [/opt/intel/compilers_and_libraries_2020.1.217/linux/ipp/lib/intel64/] ==> [/opt/intel/compilers_and_libraries_2020.1.217/linux/ipp/lib/intel64]
  collapse library dir [/opt/intel/compilers_and_libraries_2020.1.217/linux/compiler/lib/intel64_lin/] ==> [/opt/intel/compilers_and_libraries_2020.1.217/linux/compiler/lib/intel64_lin]
  collapse library dir [/opt/intel/compilers_and_libraries_2020.1.217/linux/mkl/lib/intel64_lin/] ==> [/opt/intel/compilers_and_libraries_2020.1.217/linux/mkl/lib/intel64_lin]
  collapse library dir [/opt/intel/compilers_and_libraries_2020.1.217/linux/tbb/lib/intel64/gcc4.8/] ==> [/opt/intel/compilers_and_libraries_2020.1.217/linux/tbb/lib/intel64/gcc4.8]
  collapse library dir [/opt/intel/compilers_and_libraries_2020.1.217/linux/daal/lib/intel64_lin/] ==> [/opt/intel/compilers_and_libraries_2020.1.217/linux/daal/lib/intel64_lin]
  collapse library dir [/opt/intel/compilers_and_libraries_2020.1.217/linux/daal/../tbb/lib/intel64_lin/gcc4.8/] ==> [/opt/intel/compilers_and_libraries_2020.1.217/linux/tbb/lib/intel64_lin/gcc4.8]
  collapse library dir [/usr/lib/gcc/x86_64-linux-gnu/7/../../../] ==> [/usr/lib]
  collapse library dir [/lib64] ==> [/lib64]
  collapse library dir [/lib/] ==> [/lib]
  collapse library dir [/usr/lib] ==> [/usr/lib]
  implicit libs: [imf;svml;irng;stdc++;m;ipgo;decimal;cilkrts;stdc++;gcc;gcc_s;irc;svml;c;gcc;gcc_s;irc_s;dl;c]
  implicit dirs: [/opt/intel/compilers_and_libraries_2020.1.217/linux/mpi/intel64/libfabric/lib;/opt/intel/compilers_and_libraries_2020.1.217/linux/ipp/lib/intel64;/opt/intel/compilers_and_libraries_2020.1.217/linux/compiler/lib/intel64_lin;/opt/intel/compilers_and_libraries_2020.1.217/linux/mkl/lib/intel64_lin;/opt/intel/compilers_and_libraries_2020.1.217/linux/tbb/lib/intel64/gcc4.8;/opt/intel/compilers_and_libraries_2020.1.217/linux/daal/lib/intel64_lin;/opt/intel/compilers_and_libraries_2020.1.217/linux/tbb/lib/intel64_lin/gcc4.4;/opt/intel/compilers_and_libraries_2020.1.217/linux/tbb/lib/intel64_lin/gcc4.8;/usr/lib/gcc/x86_64-linux-gnu/7;/usr/lib/x86_64-linux-gnu;/usr/lib;/lib/x86_64-linux-gnu;/lib64;/lib]
  implicit fwks: []




Detecting CXX [-std=c++14] compiler features compiled with the following output:
Change Dir: /home/vitaliy/git/intel-MKL-wrapper-for-CORR-CONV/bin/CMakeFiles/CMakeTmp

Run Build Command:"/usr/bin/make" "cmTC_459c5/fast"
/usr/bin/make -f CMakeFiles/cmTC_459c5.dir/build.make CMakeFiles/cmTC_459c5.dir/build
make[1]: Entering directory '/home/vitaliy/git/intel-MKL-wrapper-for-CORR-CONV/bin/CMakeFiles/CMakeTmp'
Building CXX object CMakeFiles/cmTC_459c5.dir/feature_tests.cxx.o
/opt/intel/compilers_and_libraries_2020.1.217/linux/bin/intel64/icpc    -std=c++14 -o CMakeFiles/cmTC_459c5.dir/feature_tests.cxx.o -c /home/vitaliy/git/intel-MKL-wrapper-for-CORR-CONV/bin/CMakeFiles/feature_tests.cxx
Linking CXX executable cmTC_459c5
/usr/bin/cmake -E cmake_link_script CMakeFiles/cmTC_459c5.dir/link.txt --verbose=1
/opt/intel/compilers_and_libraries_2020.1.217/linux/bin/intel64/icpc       CMakeFiles/cmTC_459c5.dir/feature_tests.cxx.o  -o cmTC_459c5 
make[1]: Leaving directory '/home/vitaliy/git/intel-MKL-wrapper-for-CORR-CONV/bin/CMakeFiles/CMakeTmp'


    Feature record: CXX_FEATURE:1cxx_aggregate_default_initializers
    Feature record: CXX_FEATURE:1cxx_alias_templates
    Feature record: CXX_FEATURE:1cxx_alignas
    Feature record: CXX_FEATURE:1cxx_alignof
    Feature record: CXX_FEATURE:1cxx_attributes
    Feature record: CXX_FEATURE:1cxx_attribute_deprecated
    Feature record: CXX_FEATURE:1cxx_auto_type
    Feature record: CXX_FEATURE:1cxx_binary_literals
    Feature record: CXX_FEATURE:1cxx_constexpr
    Feature record: CXX_FEATURE:1cxx_contextual_conversions
    Feature record: CXX_FEATURE:1cxx_decltype
    Feature record: CXX_FEATURE:1cxx_decltype_auto
    Feature record: CXX_FEATURE:1cxx_decltype_incomplete_return_types
    Feature record: CXX_FEATURE:1cxx_default_function_template_args
    Feature record: CXX_FEATURE:1cxx_defaulted_functions
    Feature record: CXX_FEATURE:1cxx_defaulted_move_initializers
    Feature record: CXX_FEATURE:1cxx_delegating_constructors
    Feature record: CXX_FEATURE:1cxx_deleted_functions
    Feature record: CXX_FEATURE:1cxx_digit_separators
    Feature record: CXX_FEATURE:1cxx_enum_forward_declarations
    Feature record: CXX_FEATURE:1cxx_explicit_conversions
    Feature record: CXX_FEATURE:1cxx_extended_friend_declarations
    Feature record: CXX_FEATURE:1cxx_extern_templates
    Feature record: CXX_FEATURE:1cxx_final
    Feature record: CXX_FEATURE:1cxx_func_identifier
    Feature record: CXX_FEATURE:1cxx_generic_lambdas
    Feature record: CXX_FEATURE:1cxx_inheriting_constructors
    Feature record: CXX_FEATURE:1cxx_inline_namespaces
    Feature record: CXX_FEATURE:1cxx_lambdas
    Feature record: CXX_FEATURE:1cxx_lambda_init_captures
    Feature record: CXX_FEATURE:1cxx_local_type_template_args
    Feature record: CXX_FEATURE:1cxx_long_long_type
    Feature record: CXX_FEATURE:1cxx_noexcept
    Feature record: CXX_FEATURE:1cxx_nonstatic_member_init
    Feature record: CXX_FEATURE:1cxx_nullptr
    Feature record: CXX_FEATURE:1cxx_override
    Feature record: CXX_FEATURE:1cxx_range_for
    Feature record: CXX_FEATURE:1cxx_raw_string_literals
    Feature record: CXX_FEATURE:1cxx_reference_qualified_functions
    Feature record: CXX_FEATURE:1cxx_relaxed_constexpr
    Feature record: CXX_FEATURE:1cxx_return_type_deduction
    Feature record: CXX_FEATURE:1cxx_right_angle_brackets
    Feature record: CXX_FEATURE:1cxx_rvalue_references
    Feature record: CXX_FEATURE:1cxx_sizeof_member
    Feature record: CXX_FEATURE:1cxx_static_assert
    Feature record: CXX_FEATURE:1cxx_strong_enums
    Feature record: CXX_FEATURE:1cxx_template_template_parameters
    Feature record: CXX_FEATURE:1cxx_thread_local
    Feature record: CXX_FEATURE:1cxx_trailing_return_types
    Feature record: CXX_FEATURE:1cxx_unicode_literals
    Feature record: CXX_FEATURE:1cxx_uniform_initialization
    Feature record: CXX_FEATURE:1cxx_unrestricted_unions
    Feature record: CXX_FEATURE:1cxx_user_literals
    Feature record: CXX_FEATURE:1cxx_variable_templates
    Feature record: CXX_FEATURE:1cxx_variadic_macros
    Feature record: CXX_FEATURE:1cxx_variadic_templates


Detecting CXX [-std=c++11] compiler features compiled with the following output:
Change Dir: /home/vitaliy/git/intel-MKL-wrapper-for-CORR-CONV/bin/CMakeFiles/CMakeTmp

Run Build Command:"/usr/bin/make" "cmTC_9e527/fast"
/usr/bin/make -f CMakeFiles/cmTC_9e527.dir/build.make CMakeFiles/cmTC_9e527.dir/build
make[1]: Entering directory '/home/vitaliy/git/intel-MKL-wrapper-for-CORR-CONV/bin/CMakeFiles/CMakeTmp'
Building CXX object CMakeFiles/cmTC_9e527.dir/feature_tests.cxx.o
/opt/intel/compilers_and_libraries_2020.1.217/linux/bin/intel64/icpc    -std=c++11 -o CMakeFiles/cmTC_9e527.dir/feature_tests.cxx.o -c /home/vitaliy/git/intel-MKL-wrapper-for-CORR-CONV/bin/CMakeFiles/feature_tests.cxx
Linking CXX executable cmTC_9e527
/usr/bin/cmake -E cmake_link_script CMakeFiles/cmTC_9e527.dir/link.txt --verbose=1
/opt/intel/compilers_and_libraries_2020.1.217/linux/bin/intel64/icpc       CMakeFiles/cmTC_9e527.dir/feature_tests.cxx.o  -o cmTC_9e527 
make[1]: Leaving directory '/home/vitaliy/git/intel-MKL-wrapper-for-CORR-CONV/bin/CMakeFiles/CMakeTmp'


    Feature record: CXX_FEATURE:0cxx_aggregate_default_initializers
    Feature record: CXX_FEATURE:1cxx_alias_templates
    Feature record: CXX_FEATURE:1cxx_alignas
    Feature record: CXX_FEATURE:1cxx_alignof
    Feature record: CXX_FEATURE:1cxx_attributes
    Feature record: CXX_FEATURE:0cxx_attribute_deprecated
    Feature record: CXX_FEATURE:1cxx_auto_type
    Feature record: CXX_FEATURE:1cxx_binary_literals
    Feature record: CXX_FEATURE:1cxx_constexpr
    Feature record: CXX_FEATURE:0cxx_contextual_conversions
    Feature record: CXX_FEATURE:1cxx_decltype
    Feature record: CXX_FEATURE:0cxx_decltype_auto
    Feature record: CXX_FEATURE:1cxx_decltype_incomplete_return_types
    Feature record: CXX_FEATURE:1cxx_default_function_template_args
    Feature record: CXX_FEATURE:1cxx_defaulted_functions
    Feature record: CXX_FEATURE:1cxx_defaulted_move_initializers
    Feature record: CXX_FEATURE:1cxx_delegating_constructors
    Feature record: CXX_FEATURE:1cxx_deleted_functions
    Feature record: CXX_FEATURE:0cxx_digit_separators
    Feature record: CXX_FEATURE:1cxx_enum_forward_declarations
    Feature record: CXX_FEATURE:1cxx_explicit_conversions
    Feature record: CXX_FEATURE:1cxx_extended_friend_declarations
    Feature record: CXX_FEATURE:1cxx_extern_templates
    Feature record: CXX_FEATURE:1cxx_final
    Feature record: CXX_FEATURE:1cxx_func_identifier
    Feature record: CXX_FEATURE:0cxx_generic_lambdas
    Feature record: CXX_FEATURE:1cxx_inheriting_constructors
    Feature record: CXX_FEATURE:1cxx_inline_namespaces
    Feature record: CXX_FEATURE:1cxx_lambdas
    Feature record: CXX_FEATURE:0cxx_lambda_init_captures
    Feature record: CXX_FEATURE:1cxx_local_type_template_args
    Feature record: CXX_FEATURE:1cxx_long_long_type
    Feature record: CXX_FEATURE:1cxx_noexcept
    Feature record: CXX_FEATURE:1cxx_nonstatic_member_init
    Feature record: CXX_FEATURE:1cxx_nullptr
    Feature record: CXX_FEATURE:1cxx_override
    Feature record: CXX_FEATURE:1cxx_range_for
    Feature record: CXX_FEATURE:1cxx_raw_string_literals
    Feature record: CXX_FEATURE:1cxx_reference_qualified_functions
    Feature record: CXX_FEATURE:0cxx_relaxed_constexpr
    Feature record: CXX_FEATURE:0cxx_return_type_deduction
    Feature record: CXX_FEATURE:1cxx_right_angle_brackets
    Feature record: CXX_FEATURE:1cxx_rvalue_references
    Feature record: CXX_FEATURE:1cxx_sizeof_member
    Feature record: CXX_FEATURE:1cxx_static_assert
    Feature record: CXX_FEATURE:1cxx_strong_enums
    Feature record: CXX_FEATURE:1cxx_template_template_parameters
    Feature record: CXX_FEATURE:1cxx_thread_local
    Feature record: CXX_FEATURE:1cxx_trailing_return_types
    Feature record: CXX_FEATURE:1cxx_unicode_literals
    Feature record: CXX_FEATURE:1cxx_uniform_initialization
    Feature record: CXX_FEATURE:1cxx_unrestricted_unions
    Feature record: CXX_FEATURE:1cxx_user_literals
    Feature record: CXX_FEATURE:0cxx_variable_templates
    Feature record: CXX_FEATURE:1cxx_variadic_macros
    Feature record: CXX_FEATURE:1cxx_variadic_templates


Detecting CXX [-std=c++98] compiler features compiled with the following output:
Change Dir: /home/vitaliy/git/intel-MKL-wrapper-for-CORR-CONV/bin/CMakeFiles/CMakeTmp

Run Build Command:"/usr/bin/make" "cmTC_26eac/fast"
/usr/bin/make -f CMakeFiles/cmTC_26eac.dir/build.make CMakeFiles/cmTC_26eac.dir/build
make[1]: Entering directory '/home/vitaliy/git/intel-MKL-wrapper-for-CORR-CONV/bin/CMakeFiles/CMakeTmp'
Building CXX object CMakeFiles/cmTC_26eac.dir/feature_tests.cxx.o
/opt/intel/compilers_and_libraries_2020.1.217/linux/bin/intel64/icpc    -std=c++98 -o CMakeFiles/cmTC_26eac.dir/feature_tests.cxx.o -c /home/vitaliy/git/intel-MKL-wrapper-for-CORR-CONV/bin/CMakeFiles/feature_tests.cxx
Linking CXX executable cmTC_26eac
/usr/bin/cmake -E cmake_link_script CMakeFiles/cmTC_26eac.dir/link.txt --verbose=1
/opt/intel/compilers_and_libraries_2020.1.217/linux/bin/intel64/icpc       CMakeFiles/cmTC_26eac.dir/feature_tests.cxx.o  -o cmTC_26eac 
make[1]: Leaving directory '/home/vitaliy/git/intel-MKL-wrapper-for-CORR-CONV/bin/CMakeFiles/CMakeTmp'


    Feature record: CXX_FEATURE:0cxx_aggregate_default_initializers
    Feature record: CXX_FEATURE:0cxx_alias_templates
    Feature record: CXX_FEATURE:0cxx_alignas
    Feature record: CXX_FEATURE:0cxx_alignof
    Feature record: CXX_FEATURE:0cxx_attributes
    Feature record: CXX_FEATURE:0cxx_attribute_deprecated
    Feature record: CXX_FEATURE:0cxx_auto_type
    Feature record: CXX_FEATURE:1cxx_binary_literals
    Feature record: CXX_FEATURE:0cxx_constexpr
    Feature record: CXX_FEATURE:0cxx_contextual_conversions
    Feature record: CXX_FEATURE:0cxx_decltype
    Feature record: CXX_FEATURE:0cxx_decltype_auto
    Feature record: CXX_FEATURE:0cxx_decltype_incomplete_return_types
    Feature record: CXX_FEATURE:0cxx_default_function_template_args
    Feature record: CXX_FEATURE:0cxx_defaulted_functions
    Feature record: CXX_FEATURE:0cxx_defaulted_move_initializers
    Feature record: CXX_FEATURE:0cxx_delegating_constructors
    Feature record: CXX_FEATURE:0cxx_deleted_functions
    Feature record: CXX_FEATURE:0cxx_digit_separators
    Feature record: CXX_FEATURE:0cxx_enum_forward_declarations
    Feature record: CXX_FEATURE:0cxx_explicit_conversions
    Feature record: CXX_FEATURE:0cxx_extended_friend_declarations
    Feature record: CXX_FEATURE:0cxx_extern_templates
    Feature record: CXX_FEATURE:0cxx_final
    Feature record: CXX_FEATURE:0cxx_func_identifier
    Feature record: CXX_FEATURE:0cxx_generic_lambdas
    Feature record: CXX_FEATURE:0cxx_inheriting_constructors
    Feature record: CXX_FEATURE:0cxx_inline_namespaces
    Feature record: CXX_FEATURE:0cxx_lambdas
    Feature record: CXX_FEATURE:0cxx_lambda_init_captures
    Feature record: CXX_FEATURE:0cxx_local_type_template_args
    Feature record: CXX_FEATURE:0cxx_long_long_type
    Feature record: CXX_FEATURE:0cxx_noexcept
    Feature record: CXX_FEATURE:0cxx_nonstatic_member_init
    Feature record: CXX_FEATURE:0cxx_nullptr
    Feature record: CXX_FEATURE:0cxx_override
    Feature record: CXX_FEATURE:0cxx_range_for
    Feature record: CXX_FEATURE:0cxx_raw_string_literals
    Feature record: CXX_FEATURE:0cxx_reference_qualified_functions
    Feature record: CXX_FEATURE:0cxx_relaxed_constexpr
    Feature record: CXX_FEATURE:0cxx_return_type_deduction
    Feature record: CXX_FEATURE:0cxx_right_angle_brackets
    Feature record: CXX_FEATURE:0cxx_rvalue_references
    Feature record: CXX_FEATURE:0cxx_sizeof_member
    Feature record: CXX_FEATURE:0cxx_static_assert
    Feature record: CXX_FEATURE:0cxx_strong_enums
    Feature record: CXX_FEATURE:0cxx_template_template_parameters
    Feature record: CXX_FEATURE:0cxx_thread_local
    Feature record: CXX_FEATURE:0cxx_trailing_return_types
    Feature record: CXX_FEATURE:0cxx_unicode_literals
    Feature record: CXX_FEATURE:0cxx_uniform_initialization
    Feature record: CXX_FEATURE:0cxx_unrestricted_unions
    Feature record: CXX_FEATURE:0cxx_user_literals
    Feature record: CXX_FEATURE:0cxx_variable_templates
    Feature record: CXX_FEATURE:0cxx_variadic_macros
    Feature record: CXX_FEATURE:0cxx_variadic_templates
